<?xml version="1.0" encoding="UTF-8"?>
<!-- Generated by org.testng.reporters.JUnitReportReporter -->
<testsuite hostname="LAPTOP-HIRLS63Q" failures="0" tests="2" name="org.mavenexample.practice.Example1Test" time="0.007" errors="0" timestamp="4 Aug 2022 09:24:23 GMT">
  <testcase classname="org.mavenexample.practice.Example1Test" name="print2Test" time="0.005"/>
  <testcase classname="org.mavenexample.practice.Example1Test" name="print1Test" time="0.002"/>
</testsuite> <!-- org.mavenexample.practice.Example1Test -->
